Build started 2/17/2013 1:34:32 PM.
Project "E:\database315\db315\db315\db315.vcxproj" on node 2 (Build target(s)).
ClCompile:
  C:\Program Files (x86)\Microsoft Visual Studio 11.0\VC\bin\CL.exe /c /ZI /nologo /W3 /WX- /Od /Oy- /D WIN32 /D _DEBUG /D _CONSOLE /D _UNICODE /D UNICODE /Gm /EHsc /RTC1 /MDd /GS /fp:precise /Zc:wchar_t /Zc:forScope /Fo"Debug\\" /Fd"Debug\vc110.pdb" /Gd /TP /analyze- /errorReport:prompt AttributeTypeTuple.cpp Database.cpp Record.cpp Table.cpp maintest.cpp
  maintest.cpp
e:\database315\db315\db315\maintest.cpp(27): warning C4018: '<' : signed/unsigned mismatch
e:\database315\db315\db315\maintest.cpp(48): warning C4018: '<' : signed/unsigned mismatch
e:\database315\db315\db315\maintest.cpp(92): warning C4018: '<' : signed/unsigned mismatch
e:\database315\db315\db315\maintest.cpp(104): warning C4018: '<' : signed/unsigned mismatch
e:\database315\db315\db315\maintest.cpp(151): warning C4018: '<' : signed/unsigned mismatch
e:\database315\db315\db315\maintest.cpp(187): warning C4018: '<' : signed/unsigned mismatch
e:\database315\db315\db315\maintest.cpp(197): warning C4018: '<' : signed/unsigned mismatch
e:\database315\db315\db315\maintest.cpp(201): warning C4018: '<' : signed/unsigned mismatch
e:\database315\db315\db315\maintest.cpp(273): warning C4101: 'e' : unreferenced local variable
e:\database315\db315\db315\maintest.cpp(283): warning C4101: 'e' : unreferenced local variable
e:\database315\db315\db315\maintest.cpp(465): warning C4244: 'initializing' : conversion from 'int' to 'float', possible loss of data
e:\database315\db315\db315\maintest.cpp(469): warning C4244: 'initializing' : conversion from 'int' to 'float', possible loss of data
e:\database315\db315\db315\maintest.cpp(473): warning C4244: 'initializing' : conversion from 'int' to 'float', possible loss of data
  Table.cpp
e:\database315\db315\db315\table.cpp(21): warning C4018: '<' : signed/unsigned mismatch
e:\database315\db315\db315\table.cpp(41): warning C4018: '<' : signed/unsigned mismatch
e:\database315\db315\db315\table.cpp(50): warning C4018: '<' : signed/unsigned mismatch
e:\database315\db315\db315\table.cpp(55): warning C4018: '<' : signed/unsigned mismatch
  Record.cpp
  Database.cpp
e:\database315\db315\db315\database.cpp(10): warning C4018: '<' : signed/unsigned mismatch
e:\database315\db315\db315\database.cpp(19): warning C4018: '<' : signed/unsigned mismatch
  AttributeTypeTuple.cpp
  Generating Code...
Link:
  C:\Program Files (x86)\Microsoft Visual Studio 11.0\VC\bin\link.exe /ERRORREPORT:PROMPT /OUT:"E:\database315\db315\Debug\db315.exe" /INCREMENTAL /NOLOGO kernel32.lib user32.lib gdi32.lib winspool.lib comdlg32.lib advapi32.lib shell32.lib ole32.lib oleaut32.lib uuid.lib odbc32.lib odbccp32.lib /MANIFEST /MANIFESTUAC:"level='asInvoker' uiAccess='false'" /manifest:embed /DEBUG /PDB:"E:\database315\db315\Debug\db315.pdb" /SUBSYSTEM:CONSOLE /TLBID:1 /DYNAMICBASE /NXCOMPAT /IMPLIB:"E:\database315\db315\Debug\db315.lib" /MACHINE:X86 Debug\AttributeTypeTuple.obj
  Debug\Database.obj
  Debug\maintest.obj
  Debug\Record.obj
  Debug\Table.obj
maintest.obj : error LNK2019: unresolved external symbol "public: __thiscall Database::Database(void)" (??0Database@@QAE@XZ) referenced in function "public: void __thiscall Database_Add_Table::test_method(void)" (?test_method@Database_Add_Table@@QAEXXZ)
maintest.obj : error LNK2019: unresolved external symbol "public: __thiscall Database::~Database(void)" (??1Database@@QAE@XZ) referenced in function "public: void __thiscall Database_Add_Table::test_method(void)" (?test_method@Database_Add_Table@@QAEXXZ)
maintest.obj : error LNK2019: unresolved external symbol "public: class Table __thiscall Database::query(class std::basic_string<char,struct std::char_traits<char>,class std::allocator<char> >)" (?query@Database@@QAE?AVTable@@V?$basic_string@DU?$char_traits@D@std@@V?$allocator@D@2@@std@@@Z) referenced in function "public: void __thiscall Database_Query_Star::test_method(void)" (?test_method@Database_Query_Star@@QAEXXZ)
maintest.obj : error LNK2019: unresolved external symbol "public: __thiscall Table::Table(void)" (??0Table@@QAE@XZ) referenced in function "public: void __thiscall Table_Create::test_method(void)" (?test_method@Table_Create@@QAEXXZ)
maintest.obj : error LNK2019: unresolved external symbol "public: int __thiscall Table::sum(class std::basic_string<char,struct std::char_traits<char>,class std::allocator<char> >)" (?sum@Table@@QAEHV?$basic_string@DU?$char_traits@D@std@@V?$allocator@D@2@@std@@@Z) referenced in function "public: void __thiscall Table_Routine_Tests::test_method(void)" (?test_method@Table_Routine_Tests@@QAEXXZ)
maintest.obj : error LNK2019: unresolved external symbol "public: int __thiscall Table::min(class std::basic_string<char,struct std::char_traits<char>,class std::allocator<char> >)" (?min@Table@@QAEHV?$basic_string@DU?$char_traits@D@std@@V?$allocator@D@2@@std@@@Z) referenced in function "public: void __thiscall Table_Routine_Tests::test_method(void)" (?test_method@Table_Routine_Tests@@QAEXXZ)
maintest.obj : error LNK2019: unresolved external symbol "public: int __thiscall Table::max(class std::basic_string<char,struct std::char_traits<char>,class std::allocator<char> >)" (?max@Table@@QAEHV?$basic_string@DU?$char_traits@D@std@@V?$allocator@D@2@@std@@@Z) referenced in function "public: void __thiscall Table_Routine_Tests::test_method(void)" (?test_method@Table_Routine_Tests@@QAEXXZ)
maintest.obj : error LNK2019: unresolved external symbol "public: class Table __thiscall Table::crossJoin(class Table &)" (?crossJoin@Table@@QAE?AV1@AAV1@@Z) referenced in function "public: void __thiscall Table_Cross_Join::test_method(void)" (?test_method@Table_Cross_Join@@QAEXXZ)
maintest.obj : error LNK2019: unresolved external symbol "public: __thiscall Record::Record(void)" (??0Record@@QAE@XZ) referenced in function "public: void __thiscall ERROR_Invalid_Record_Entry::test_method(void)" (?test_method@ERROR_Invalid_Record_Entry@@QAEXXZ)
maintest.obj : error LNK2019: unresolved external symbol "public: __thiscall TableIterator::TableIterator(class Table)" (??0TableIterator@@QAE@VTable@@@Z) referenced in function "public: void __thiscall TableIterator_Create::test_method(void)" (?test_method@TableIterator_Create@@QAEXXZ)
maintest.obj : error LNK2019: unresolved external symbol "public: __thiscall TableIterator::~TableIterator(void)" (??1TableIterator@@QAE@XZ) referenced in function "public: void __thiscall TableIterator_Create::test_method(void)" (?test_method@TableIterator_Create@@QAEXXZ)
maintest.obj : error LNK2019: unresolved external symbol "public: void __thiscall TableIterator::next(void)" (?next@TableIterator@@QAEXXZ) referenced in function "public: void __thiscall TableIterator_Create::test_method(void)" (?test_method@TableIterator_Create@@QAEXXZ)
maintest.obj : error LNK2019: unresolved external symbol "public: class Record __thiscall TableIterator::get(void)" (?get@TableIterator@@QAE?AVRecord@@XZ) referenced in function "public: void __thiscall TableIterator_Create::test_method(void)" (?test_method@TableIterator_Create@@QAEXXZ)
E:\database315\db315\Debug\db315.exe : fatal error LNK1120: 13 unresolved externals
Done Building Project "E:\database315\db315\db315\db315.vcxproj" (Build target(s)) -- FAILED.

Build FAILED.

Time Elapsed 00:00:15.53
